[debug] [2023-02-09T04:40:58.785Z] ----------------------------------------------------------------------
[debug] [2023-02-09T04:40:58.789Z] Command:       C:\Program Files\nodejs\node.exe C:\Users\cw\AppData\Roaming\npm\node_modules\firebase-tools\lib\bin\firebase.js init
[debug] [2023-02-09T04:40:58.789Z] CLI Version:   11.0.0
[debug] [2023-02-09T04:40:58.789Z] Platform:      win32
[debug] [2023-02-09T04:40:58.789Z] Node Version:  v16.14.0
[debug] [2023-02-09T04:40:58.801Z] Time:          Thu Feb 09 2023 07:40:58 GMT+0300 (Arabian Standard Time)
[debug] [2023-02-09T04:40:58.801Z] ----------------------------------------------------------------------
[debug] 
[debug] [2023-02-09T04:40:58.806Z] >>> [apiv2][query] GET https://firebase-public.firebaseio.com/cli.json [none]
[debug] [2023-02-09T04:40:58.843Z] > command requires scopes: ["email","openid","https://www.googleapis.com/auth/cloudplatformprojects.readonly","https://www.googleapis.com/auth/firebase","https://www.googleapis.com/auth/cloud-platform"]
[debug] [2023-02-09T04:40:58.844Z] > authorizing via signed-in user (adkaiumalikhan01@gmail.com)
[info] 
     ######## #### ########  ######## ########     ###     ######  ########
     ##        ##  ##     ## ##       ##     ##  ##   ##  ##       ##
     ######    ##  ########  ######   ########  #########  ######  ######
     ##        ##  ##    ##  ##       ##     ## ##     ##       ## ##
     ##       #### ##     ## ######## ########  ##     ##  ######  ########

You're about to initialize a Firebase project in this directory:

  C:\Users\cw\Desktop\mpt-start

[debug] [2023-02-09T04:40:59.468Z] <<< [apiv2][status] GET https://firebase-public.firebaseio.com/cli.json 200
[debug] [2023-02-09T04:40:59.469Z] <<< [apiv2][body] GET https://firebase-public.firebaseio.com/cli.json {"cloudBuildErrorAfter":1594252800000,"cloudBuildWarnAfter":1590019200000,"defaultNode10After":1594252800000,"minVersion":"3.0.5","node8DeploysDisabledAfter":1613390400000,"node8RuntimeDisabledAfter":1615809600000,"node8WarnAfter":1600128000000}
[info] 
=== Project Setup
[info] 
[info] First, let's associate this project directory with a Firebase project.
[info] You can create multiple project aliases by running firebase use --add, 
[info] but for now we'll just set up a default project.
[info] 
[debug] [2023-02-09T04:43:03.662Z] > refreshing access token with scopes: []
[debug] [2023-02-09T04:43:03.663Z] >>> HTTP REQUEST POST https://www.googleapis.com/oauth2/v3/token  
 <request body omitted>
[debug] [2023-02-09T04:43:04.137Z] <<< HTTP RESPONSE 400 {"pragma":"no-cache","expires":"Mon, 01 Jan 1990 00:00:00 GMT","date":"Thu, 09 Feb 2023 04:43:03 GMT","cache-control":"no-cache, no-store, max-age=0, must-revalidate","content-type":"application/json; charset=utf-8","vary":"X-Origin, Referer, Origin,Accept-Encoding","server":"scaffolding on HTTPServer2","x-xss-protection":"0","x-frame-options":"SAMEORIGIN","x-content-type-options":"nosniff","alt-svc":"h3=\":443\"; ma=2592000,h3-29=\":443\"; ma=2592000","accept-ranges":"none","transfer-encoding":"chunked"}
[debug] [2023-02-09T04:43:04.142Z] >>> [apiv2][query] GET https://firebase.googleapis.com/v1beta1/projects pageSize=100
[debug] [2023-02-09T04:43:04.511Z] <<< [apiv2][status] GET https://firebase.googleapis.com/v1beta1/projects 401
[debug] [2023-02-09T04:43:04.512Z] <<< [apiv2][body] GET https://firebase.googleapis.com/v1beta1/projects [omitted]
[debug] [2023-02-09T04:43:04.514Z] HTTP Error: 401, Request had invalid authentication credentials. Expected OAuth 2 access token, login cookie or other valid authentication credential. See https://developers.google.com/identity/sign-in/web/devconsole-project.
[debug] [2023-02-09T04:43:04.845Z] FirebaseError: HTTP Error: 401, Request had invalid authentication credentials. Expected OAuth 2 access token, login cookie or other valid authentication credential. See https://developers.google.com/identity/sign-in/web/devconsole-project.
    at module.exports (C:\Users\cw\AppData\Roaming\npm\node_modules\firebase-tools\lib\responseToError.js:47:12)
    at RetryOperation._fn (C:\Users\cw\AppData\Roaming\npm\node_modules\firebase-tools\lib\apiv2.js:286:39)
    at processTicksAndRejections (node:internal/process/task_queues:96:5)
[error] 
[error] Error: Failed to list Firebase projects. See firebase-debug.log for more info.
[debug] [2023-02-09T04:44:58.670Z] ----------------------------------------------------------------------
[debug] [2023-02-09T04:44:58.673Z] Command:       C:\Program Files\nodejs\node.exe C:\Users\cw\AppData\Roaming\npm\node_modules\firebase-tools\lib\bin\firebase.js init
[debug] [2023-02-09T04:44:58.674Z] CLI Version:   11.0.0
[debug] [2023-02-09T04:44:58.674Z] Platform:      win32
[debug] [2023-02-09T04:44:58.674Z] Node Version:  v16.14.0
[debug] [2023-02-09T04:44:58.675Z] Time:          Thu Feb 09 2023 07:44:58 GMT+0300 (Arabian Standard Time)
[debug] [2023-02-09T04:44:58.676Z] ----------------------------------------------------------------------
[debug] 
[debug] [2023-02-09T04:44:58.686Z] > command requires scopes: ["email","openid","https://www.googleapis.com/auth/cloudplatformprojects.readonly","https://www.googleapis.com/auth/firebase","https://www.googleapis.com/auth/cloud-platform"]
[debug] [2023-02-09T04:44:58.687Z] > authorizing via signed-in user (adkaiumalikhan01@gmail.com)
[info] 
     ######## #### ########  ######## ########     ###     ######  ########
     ##        ##  ##     ## ##       ##     ##  ##   ##  ##       ##
     ######    ##  ########  ######   ########  #########  ######  ######
     ##        ##  ##    ##  ##       ##     ## ##     ##       ## ##
     ##       #### ##     ## ######## ########  ##     ##  ######  ########

You're about to initialize a Firebase project in this directory:

  C:\Users\cw\Desktop\mpt-start

[info] 
=== Project Setup
[info] 
[info] First, let's associate this project directory with a Firebase project.
[info] You can create multiple project aliases by running firebase use --add, 
[info] but for now we'll just set up a default project.
[info] 
[debug] [2023-02-09T04:45:31.159Z] > refreshing access token with scopes: []
[debug] [2023-02-09T04:45:31.160Z] >>> HTTP REQUEST POST https://www.googleapis.com/oauth2/v3/token  
 <request body omitted>
[debug] [2023-02-09T04:45:31.646Z] <<< HTTP RESPONSE 400 {"pragma":"no-cache","expires":"Mon, 01 Jan 1990 00:00:00 GMT","cache-control":"no-cache, no-store, max-age=0, must-revalidate","date":"Thu, 09 Feb 2023 04:45:30 GMT","content-type":"application/json; charset=utf-8","vary":"X-Origin, Referer, Origin,Accept-Encoding","server":"scaffolding on HTTPServer2","x-xss-protection":"0","x-frame-options":"SAMEORIGIN","x-content-type-options":"nosniff","alt-svc":"h3=\":443\"; ma=2592000,h3-29=\":443\"; ma=2592000","accept-ranges":"none","transfer-encoding":"chunked"}
[debug] [2023-02-09T04:45:31.657Z] >>> [apiv2][query] GET https://firebase.googleapis.com/v1beta1/projects pageSize=100
[debug] [2023-02-09T04:45:32.097Z] <<< [apiv2][status] GET https://firebase.googleapis.com/v1beta1/projects 401
[debug] [2023-02-09T04:45:32.097Z] <<< [apiv2][body] GET https://firebase.googleapis.com/v1beta1/projects [omitted]
[debug] [2023-02-09T04:45:32.099Z] HTTP Error: 401, Request had invalid authentication credentials. Expected OAuth 2 access token, login cookie or other valid authentication credential. See https://developers.google.com/identity/sign-in/web/devconsole-project.
[debug] [2023-02-09T04:45:32.500Z] FirebaseError: HTTP Error: 401, Request had invalid authentication credentials. Expected OAuth 2 access token, login cookie or other valid authentication credential. See https://developers.google.com/identity/sign-in/web/devconsole-project.
    at module.exports (C:\Users\cw\AppData\Roaming\npm\node_modules\firebase-tools\lib\responseToError.js:47:12)
    at RetryOperation._fn (C:\Users\cw\AppData\Roaming\npm\node_modules\firebase-tools\lib\apiv2.js:286:39)
    at processTicksAndRejections (node:internal/process/task_queues:96:5)
[error] 
[error] Error: Failed to list Firebase projects. See firebase-debug.log for more info.
